2025-07-06 20:13:39 | authentification PDO erreur: SQLSTATE[42S22]: Column not found: 1054 Champ 'password_hash' inconnu dans field list | email: nom.prenom@test.com
2025-07-06 20:14:11 | authentification PDO erreur: SQLSTATE[42S22]: Column not found: 1054 Champ 'password_hash' inconnu dans field list | email: nom.prenom@test.com
2025-07-08 18:06:31 | connexionBaseDeDonnees() PDO erreur: SQLSTATE[HY000] [1045] Accès refusé pour l'utilisateur: 'root'@'@localhost' (mot de passe: OUI)
2025-07-08 18:06:33 | connexionBaseDeDonnees() PDO erreur: SQLSTATE[HY000] [1045] Accès refusé pour l'utilisateur: 'root'@'@localhost' (mot de passe: OUI)
2025-07-08 18:07:18 | connexionBaseDeDonnees() PDO erreur: SQLSTATE[HY000] [1045] Accès refusé pour l'utilisateur: 'root'@'@localhost' (mot de passe: OUI)
2025-07-09 23:52:55 | login_user PDO erreur: SQLSTATE[42S22]: Column not found: 1054 Champ 'parent_id' inconnu dans field list | email: nom.prenom@test.com
2025-07-09 23:52:57 | login_user PDO erreur: SQLSTATE[42S22]: Column not found: 1054 Champ 'parent_id' inconnu dans field list | email: nom.prenom@test.com
2025-07-09 23:53:02 | login_user PDO erreur: SQLSTATE[42S22]: Column not found: 1054 Champ 'parent_id' inconnu dans field list | email: nom.prenom@test.com
2025-07-09 23:53:11 | login_user PDO erreur: SQLSTATE[42S22]: Column not found: 1054 Champ 'parent_id' inconnu dans field list | email: nom.prenom@test.com
2025-07-09 23:53:14 | login_user PDO erreur: SQLSTATE[42S22]: Column not found: 1054 Champ 'parent_id' inconnu dans field list | email: nom.prenom@test.com
2025-07-09 23:53:41 | login_user PDO erreur: SQLSTATE[42S22]: Column not found: 1054 Champ 'parent_id' inconnu dans field list | email: nom.prenom@test.com
2025-07-09 23:54:04 | login_user PDO erreur: SQLSTATE[42S22]: Column not found: 1054 Champ 'parent_id' inconnu dans field list | email: nom.prenom@test.com
2025-07-12 18:11:22 | enregistrerUtilisateur() PDO erreur: SQLSTATE[23000]: Integrity constraint violation: 1048 Le champ 'mdp_securise' ne peut être vide (null) | email: delete@sup.me
2025-07-12 18:17:28 | enregistrerUtilisateur() PDO erreur: SQLSTATE[23000]: Integrity constraint violation: 1048 Le champ 'mdp_securise' ne peut être vide (null) | email: delete@sup.me
2025-07-12 18:19:11 | enregistrerUtilisateur() PDO erreur: SQLSTATE[23000]: Integrity constraint violation: 1048 Le champ 'mdp_securise' ne peut être vide (null) | email: delete@sup.me
2025-07-12 19:17:26 | enregistrerUtilisateur() PDO erreur: SQLSTATE[23000]: Integrity constraint violation: 1048 Le champ 'mdp_securise' ne peut être vide (null) | email: charlie@modif.fr
2025-07-12 19:20:48 | enregistrerUtilisateur() PDO erreur: SQLSTATE[23000]: Integrity constraint violation: 1048 Le champ 'mdp_securise' ne peut être vide (null) | email: charlie@modif.fr
2025-07-12 19:34:26 | enregistrerUtilisateur() PDO erreur: SQLSTATE[23000]: Integrity constraint violation: 1048 Le champ 'mdp_securise' ne peut être vide (null) | email: charlie@modif.fr
2025-07-12 19:58:41 | enregistrerUtilisateur() PDO erreur: SQLSTATE[23000]: Integrity constraint violation: 1048 Le champ 'mdp_securise' ne peut être vide (null) | email: b@c.d
2025-07-14 22:47:51 | connexionBaseDeDonnees() PDO erreur: SQLSTATE[HY000] [1045] Accès refusé pour l'utilisateur: 'root'@'@localhost' (mot de passe: OUI)
2025-07-14 22:56:44 | connexionBaseDeDonnees() PDO erreur: SQLSTATE[HY000] [1045] Accès refusé pour l'utilisateur: 'root'@'@localhost' (mot de passe: OUI)
2025-07-14 22:57:09 | connexionBaseDeDonnees() PDO erreur: SQLSTATE[HY000] [1045] Accès refusé pour l'utilisateur: 'root'@'@localhost' (mot de passe: OUI)
2025-07-14 22:57:22 | connexionBaseDeDonnees() PDO erreur: SQLSTATE[HY000] [1045] Accès refusé pour l'utilisateur: 'root'@'@localhost' (mot de passe: OUI)
2025-07-14 22:59:05 | connexionBaseDeDonnees() PDO erreur: SQLSTATE[HY000] [1045] Accès refusé pour l'utilisateur: 'root'@'@localhost' (mot de passe: OUI)
